<?xml version="1.0" encoding="UTF-8"?>
<!-- Generated by org.testng.reporters.JUnitReportReporter -->
<testsuite hostname="DESKTOP-F52EDBA" failures="0" tests="3" name="testNGImplementation.DataProviderExampleTest" time="0.008" errors="0" timestamp="2022-12-02T17:54:13 IST" skipped="0">
  <testcase classname="testNGImplementation.DataProviderExampleTest" name="bookTicketTest" time="0.000"/>
  <system-out/>
  <testcase classname="testNGImplementation.DataProviderExampleTest" name="bookTicketTest" time="0.007"/>
  <system-out/>
  <testcase classname="testNGImplementation.DataProviderExampleTest" name="bookTicketTest" time="0.001"/>
  <system-out/>
</testsuite> <!-- testNGImplementation.DataProviderExampleTest -->
