<?xml version="1.0" encoding="UTF-8"?>
<!-- Generated by org.testng.reporters.JUnitReportReporter -->
<testsuite skipped="0" hostname="LAPTOP-NSNORBA3" name="testngImplementation.CreateContactWithExistingOrgaanization" tests="1" failures="0" timestamp="2023-05-12T22:59:44 IST" time="24.117" errors="0">
  <testcase name="createContactWithExistingOrgaanization" time="24.117" classname="testngImplementation.CreateContactWithExistingOrgaanization"/>
  <system-out/>
</testsuite> <!-- testngImplementation.CreateContactWithExistingOrgaanization -->
