<?xml version="1.0" encoding="UTF-8"?>
<!-- Generated by org.testng.reporters.JUnitReportReporter -->
<testsuite skipped="0" hostname="LAPTOP-NSNORBA3" name="testngImplementation.CreateOrganizationWithIndustryAndType" tests="1" failures="0" timestamp="2023-05-11T21:27:50 IST" time="22.942" errors="0">
  <testcase name="CreateOrganizationWithIndustry" time="22.942" classname="testngImplementation.CreateOrganizationWithIndustryAndType"/>
  <system-out/>
</testsuite> <!-- testngImplementation.CreateOrganizationWithIndustryAndType -->
