<?xml version="1.0" encoding="UTF-8"?>
<!-- Generated by org.testng.reporters.JUnitReportReporter -->
<testsuite skipped="0" hostname="LAPTOP-NSNORBA3" name="testngImplementation.CreateContactTest" tests="1" failures="0" timestamp="2023-05-12T22:32:29 IST" time="22.553" errors="0">
  <testcase name="createContactTest" time="22.553" classname="testngImplementation.CreateContactTest"/>
  <system-out/>
</testsuite> <!-- testngImplementation.CreateContactTest -->
