<?xml version="1.0" encoding="UTF-8"?>
<!-- Generated by org.testng.reporters.JUnitReportReporter -->
<testsuite skipped="0" hostname="LAPTOP-NSNORBA3" name="testngImplementation.CreateAndDuplicateLeadTest" tests="1" failures="0" timestamp="2023-05-12T12:03:24 IST" time="13.472" errors="0">
  <testcase name="createAndDuplicateLeadTest" time="13.472" classname="testngImplementation.CreateAndDuplicateLeadTest"/>
  <system-out/>
</testsuite> <!-- testngImplementation.CreateAndDuplicateLeadTest -->
