<?xml version="1.0" encoding="UTF-8"?>
<!-- Generated by org.testng.reporters.JUnitReportReporter -->
<testsuite hostname="DESKTOP-F52EDBA" failures="0" tests="2" name="testNGImplementation.CreateOrganizationUsingDataProviderTest" time="51.454" errors="0" timestamp="2022-12-02T18:06:43 IST" skipped="0">
  <testcase classname="testNGImplementation.CreateOrganizationUsingDataProviderTest" name="createOrgTest" time="21.372"/>
  <system-out/>
  <testcase classname="testNGImplementation.CreateOrganizationUsingDataProviderTest" name="createOrgTest" time="30.082"/>
  <system-out/>
</testsuite> <!-- testNGImplementation.CreateOrganizationUsingDataProviderTest -->
