<?xml version="1.0" encoding="UTF-8"?>
<!-- Generated by org.testng.reporters.JUnitReportReporter -->
<testsuite skipped="0" hostname="LAPTOP-NSNORBA3" name="testngImplementation.CreateOrganizationTest" tests="1" failures="0" timestamp="2023-05-11T21:27:10 IST" time="23.245" errors="0">
  <testcase name="createOrganizationTest" time="23.245" classname="testngImplementation.CreateOrganizationTest"/>
  <system-out/>
</testsuite> <!-- testngImplementation.CreateOrganizationTest -->
